# JRE version: Java(TM) SE Runtime Environment (17.0.8+9) (build 17.0.8+9-LTS-211)
# Java VM: Java HotSpot(TM) 64-Bit Server VM (17.0.8+9-LTS-211, mixed mode, sharing, tiered, compressed oops, compressed class ptrs, g1 gc, windows-amd64)
GC Precious Log:
 CPUs: 4 total, 4 available
 Memory: 3682M
 Large Page Support: Disabled
 NUMA Support: Disabled
 Compressed Oops: Enabled (32-bit)
 Heap Region Size: 1M
 Heap Min Capacity: 256M
 Heap Initial Capacity: 256M
 Heap Max Capacity: 512M
 Pre-touch: Disabled
 Parallel Workers: 4
 Concurrent Workers: 1
 Concurrent Refinement Workers: 4
 Periodic GC: Disabled
Heap:
 garbage-first heap   total 262144K, used 156460K [0x00000000e0000000, 0x0000000100000000)
  region size 1024K, 93 young (95232K), 4 survivors (4096K)
 Metaspace       used 64247K, committed 64832K, reserved 393216K
  class space    used 8760K, committed 9024K, reserved 327680K
GC Heap History (18 events):
Event: 3.406 GC heap before
{Heap before GC invocations=0 (full 0):
 garbage-first heap   total 262144K, used 13312K [0x00000000e0000000, 0x0000000100000000)
  region size 1024K, 13 young (13312K), 0 survivors (0K)
 Metaspace       used 1045K, committed 1152K, reserved 393216K
  class space    used 82K, committed 128K, reserved 327680K
}
Event: 3.432 GC heap after
{Heap after GC invocations=1 (full 0):
 garbage-first heap   total 262144K, used 3493K [0x00000000e0000000, 0x0000000100000000)
  region size 1024K, 2 young (2048K), 2 survivors (2048K)
 Metaspace       used 1045K, committed 1152K, reserved 393216K
  class space    used 82K, committed 128K, reserved 327680K
}
Event: 6.234 GC heap before
{Heap before GC invocations=1 (full 0):
 garbage-first heap   total 262144K, used 22949K [0x00000000e0000000, 0x0000000100000000)
  region size 1024K, 17 young (17408K), 2 survivors (2048K)
 Metaspace       used 3896K, committed 4096K, reserved 393216K
  class space    used 488K, committed 576K, reserved 327680K
}
Event: 6.239 GC heap after
{Heap after GC invocations=2 (full 0):
 garbage-first heap   total 262144K, used 10573K [0x00000000e0000000, 0x0000000100000000)
  region size 1024K, 3 young (3072K), 3 survivors (3072K)
 Metaspace       used 3896K, committed 4096K, reserved 393216K
  class space    used 488K, committed 576K, reserved 327680K
}
Event: 6.950 GC heap before
{Heap before GC invocations=2 (full 0):
 garbage-first heap   total 262144K, used 32077K [0x00000000e0000000, 0x0000000100000000)
  region size 1024K, 25 young (25600K), 3 survivors (3072K)
 Metaspace       used 4044K, committed 4160K, reserved 393216K
  class space    used 492K, committed 576K, reserved 327680K
}
Event: 6.955 GC heap after
{Heap after GC invocations=3 (full 0):
 garbage-first heap   total 262144K, used 11548K [0x00000000e0000000, 0x0000000100000000)
  region size 1024K, 1 young (1024K), 1 survivors (1024K)
 Metaspace       used 4044K, committed 4160K, reserved 393216K
  class space    used 492K, committed 576K, reserved 327680K
}
Event: 18.809 GC heap before
{Heap before GC invocations=3 (full 0):
 garbage-first heap   total 262144K, used 125212K [0x00000000e0000000, 0x0000000100000000)
  region size 1024K, 112 young (114688K), 1 survivors (1024K)
 Metaspace       used 21256K, committed 21504K, reserved 393216K
  class space    used 3090K, committed 3200K, reserved 327680K
}
Event: 18.855 GC heap after
{Heap after GC invocations=4 (full 0):
 garbage-first heap   total 262144K, used 21886K [0x00000000e0000000, 0x0000000100000000)
  region size 1024K, 11 young (11264K), 11 survivors (11264K)
 Metaspace       used 21256K, committed 21504K, reserved 393216K
  class space    used 3090K, committed 3200K, reserved 327680K
}
Event: 25.707 GC heap before
{Heap before GC invocations=5 (full 0):
 garbage-first heap   total 262144K, used 134526K [0x00000000e0000000, 0x0000000100000000)
  region size 1024K, 118 young (120832K), 11 survivors (11264K)
 Metaspace       used 35646K, committed 35968K, reserved 393216K
  class space    used 4899K, committed 5056K, reserved 327680K
}
Event: 25.766 GC heap after
{Heap after GC invocations=6 (full 0):
 garbage-first heap   total 262144K, used 30157K [0x00000000e0000000, 0x0000000100000000)
  region size 1024K, 9 young (9216K), 9 survivors (9216K)
 Metaspace       used 35646K, committed 35968K, reserved 393216K
  class space    used 4899K, committed 5056K, reserved 327680K
}
Event: 34.585 GC heap before
{Heap before GC invocations=7 (full 0):
 garbage-first heap   total 262144K, used 143821K [0x00000000e0000000, 0x0000000100000000)
  region size 1024K, 119 young (121856K), 9 survivors (9216K)
 Metaspace       used 46733K, committed 47232K, reserved 393216K
  class space    used 6551K, committed 6784K, reserved 327680K
}
Event: 34.636 GC heap after
{Heap after GC invocations=8 (full 0):
 garbage-first heap   total 262144K, used 37614K [0x00000000e0000000, 0x0000000100000000)
  region size 1024K, 8 young (8192K), 8 survivors (8192K)
 Metaspace       used 46733K, committed 47232K, reserved 393216K
  class space    used 6551K, committed 6784K, reserved 327680K
}
Event: 44.780 GC heap before
{Heap before GC invocations=8 (full 0):
 garbage-first heap   total 262144K, used 168686K [0x00000000e0000000, 0x0000000100000000)
  region size 1024K, 137 young (140288K), 8 survivors (8192K)
 Metaspace       used 52811K, committed 53376K, reserved 393216K
  class space    used 7365K, committed 7616K, reserved 327680K
}
Event: 44.859 GC heap after
{Heap after GC invocations=9 (full 0):
 garbage-first heap   total 262144K, used 48128K [0x00000000e0000000, 0x0000000100000000)
  region size 1024K, 18 young (18432K), 18 survivors (18432K)
 Metaspace       used 52811K, committed 53376K, reserved 393216K
  class space    used 7365K, committed 7616K, reserved 327680K
}
Event: 49.500 GC heap before
{Heap before GC invocations=9 (full 0):
 garbage-first heap   total 262144K, used 185344K [0x00000000e0000000, 0x0000000100000000)
  region size 1024K, 153 young (156672K), 18 survivors (18432K)
 Metaspace       used 54606K, committed 55168K, reserved 393216K
  class space    used 7563K, committed 7872K, reserved 327680K
}
Event: 49.611 GC heap after
{Heap after GC invocations=10 (full 0):
 garbage-first heap   total 262144K, used 58726K [0x00000000e0000000, 0x0000000100000000)
  region size 1024K, 20 young (20480K), 20 survivors (20480K)
 Metaspace       used 54606K, committed 55168K, reserved 393216K
  class space    used 7563K, committed 7872K, reserved 327680K
}
Event: 53.994 GC heap before
{Heap before GC invocations=10 (full 0):
 garbage-first heap   total 262144K, used 76134K [0x00000000e0000000, 0x0000000100000000)
  region size 1024K, 39 young (39936K), 20 survivors (20480K)
 Metaspace       used 59469K, committed 60096K, reserved 393216K
  class space    used 8203K, committed 8512K, reserved 327680K
}
Event: 54.062 GC heap after
{Heap after GC invocations=11 (full 0):
 garbage-first heap   total 262144K, used 62252K [0x00000000e0000000, 0x0000000100000000)
  region size 1024K, 4 young (4096K), 4 survivors (4096K)
 Metaspace       used 59469K, committed 60096K, reserved 393216K
  class space    used 8203K, committed 8512K, reserved 327680K
}

